<?xml version="1.0" encoding="UTF-8"?>
<testng-results ignored="0" total="1" passed="1" failed="0" skipped="0">
  <reporter-output>
  </reporter-output>
  <suite started-at="2021-03-31T11:11:43Z" name="BOC UI AUTOMATION" finished-at="2021-03-31T11:13:07Z" duration-ms="84137">
    <groups>
      <group name="cucumber">
        <method signature="AbstractTestNGCucumberTests.runScenario(cucumber.api.testng.PickleEventWrapper, cucumber.api.testng.CucumberFeatureWrapper)[pri:0, instance:runner.loginPageRunner@65f8f5ae]" name="runScenario" class="cucumber.api.testng.AbstractTestNGCucumberTests"/>
      </group> <!-- cucumber -->
    </groups>
    <test started-at="2021-03-31T11:11:43Z" name="BOC Feature Testing" finished-at="2021-03-31T11:13:07Z" duration-ms="84137">
      <class name="runner.loginPageRunner">
        <test-method is-config="true" signature="setUpClass()[pri:0, instance:runner.loginPageRunner@65f8f5ae]" started-at="2021-03-31T11:11:43Z" name="setUpClass" finished-at="2021-03-31T11:11:45Z" duration-ms="1669" status="PASS">
          <reporter-output>
          </reporter-output>
        </test-method> <!-- setUpClass -->
        <test-method signature="runScenario(cucumber.api.testng.PickleEventWrapper, cucumber.api.testng.CucumberFeatureWrapper)[pri:0, instance:runner.loginPageRunner@65f8f5ae]" started-at="2021-03-31T11:11:45Z" name="runScenario" description="Runs Cucumber Scenarios" data-provider="scenarios" finished-at="2021-03-31T11:13:07Z" duration-ms="82174" status="PASS">
          <params>
            <param index="0">
              <value>
                <![CDATA["Validate login with valid credentials"]]>
              </value>
            </param>
            <param index="1">
              <value>
                <![CDATA["Login page validation with valid and invalid credentials"]]>
              </value>
            </param>
          </params>
          <reporter-output>
          </reporter-output>
        </test-method> <!-- runScenario -->
        <test-method is-config="true" signature="tearDownClass()[pri:0, instance:runner.loginPageRunner@65f8f5ae]" started-at="2021-03-31T11:13:07Z" name="tearDownClass" finished-at="2021-03-31T11:13:07Z" duration-ms="21" status="PASS">
          <reporter-output>
          </reporter-output>
        </test-method> <!-- tearDownClass -->
      </class> <!-- runner.loginPageRunner -->
    </test> <!-- BOC Feature Testing -->
  </suite> <!-- BOC UI AUTOMATION -->
</testng-results>
